<?xml version="1.0" encoding="UTF-8"?>
<testng-results total="2" passed="1" failed="1" skipped="0">
  <reporter-output>
  </reporter-output>
  <suite started-at="2022-04-29T03:37:16Z" name="MDSiSuite" finished-at="2022-04-29T03:39:21Z" duration-ms="125508">
    <groups>
    </groups>
    <test started-at="2022-04-29T03:37:16Z" name="MDSiOrderCreation" finished-at="2022-04-29T03:38:29Z" duration-ms="73493">
      <class name="MDSi_EDIProcessing.MDSiOrderCreation">
        <test-method signature="mdSiOrderCreation()[pri:0, instance:MDSi_EDIProcessing.MDSiOrderCreation@22f59fa]" started-at="2022-04-29T09:07:16Z" name="mdSiOrderCreation" finished-at="2022-04-29T09:08:29Z" duration-ms="73474" status="PASS">
          <reporter-output>
          </reporter-output>
        </test-method> <!-- mdSiOrderCreation -->
      </class> <!-- MDSi_EDIProcessing.MDSiOrderCreation -->
    </test> <!-- MDSiOrderCreation -->
    <test started-at="2022-04-29T03:38:29Z" name="MDSiOrderTracking" finished-at="2022-04-29T03:39:21Z" duration-ms="51973">
      <class name="MDSi_EDIProcessing.MDSiOrderTracking">
        <test-method is-config="true" signature="startUp()[pri:0, instance:MDSi_EDIProcessing.MDSiOrderTracking@163370c2]" started-at="2022-04-29T09:07:13Z" name="startUp" finished-at="2022-04-29T09:07:16Z" duration-ms="2661" status="PASS">
          <reporter-output>
          </reporter-output>
        </test-method> <!-- startUp -->
        <test-method signature="mdSiOrderTracking()[pri:0, instance:MDSi_EDIProcessing.MDSiOrderTracking@163370c2]" started-at="2022-04-29T09:08:29Z" name="mdSiOrderTracking" finished-at="2022-04-29T09:09:21Z" duration-ms="51972" status="FAIL">
          <exception class="org.openqa.selenium.TimeoutException">
            <message>
              <![CDATA[Expected condition failed: waiting for visibility of element located by By.id: MainContent_txtJobID (tried for 50 second(s) with 500 milliseconds interval)]]>
            </message>
            <full-stacktrace>
              <![CDATA[org.openqa.selenium.TimeoutException: Expected condition failed: waiting for visibility of element located by By.id: MainContent_txtJobID (tried for 50 second(s) with 500 milliseconds interval)
	at org.openqa.selenium.support.ui.WebDriverWait.timeoutException(WebDriverWait.java:81)
	at org.openqa.selenium.support.ui.FluentWait.until(FluentWait.java:271)
	at MDSi_EDIProcessing.MDSiOrderTracking.mdSiOrderTracking(MDSiOrderTracking.java:49)
	at java.base/jdk.internal.reflect.NativeMethodAccessorImpl.invoke0(Native Method)
	at java.base/jdk.internal.reflect.NativeMethodAccessorImpl.invoke(NativeMethodAccessorImpl.java:62)
	at java.base/jdk.internal.reflect.DelegatingMethodAccessorImpl.invoke(DelegatingMethodAccessorImpl.java:43)
	at java.base/java.lang.reflect.Method.invoke(Method.java:566)
	at org.testng.internal.MethodInvocationHelper.invokeMethod(MethodInvocationHelper.java:84)
	at org.testng.internal.Invoker.invokeMethod(Invoker.java:714)
	at org.testng.internal.Invoker.invokeTestMethod(Invoker.java:901)
	at org.testng.internal.Invoker.invokeTestMethods(Invoker.java:1231)
	at org.testng.internal.TestMethodWorker.invokeTestMethods(TestMethodWorker.java:127)
	at org.testng.internal.TestMethodWorker.run(TestMethodWorker.java:111)
	at org.testng.TestRunner.privateRun(TestRunner.java:767)
	at org.testng.TestRunner.run(TestRunner.java:617)
	at org.testng.SuiteRunner.runTest(SuiteRunner.java:334)
	at org.testng.SuiteRunner.runSequentially(SuiteRunner.java:329)
	at org.testng.SuiteRunner.privateRun(SuiteRunner.java:291)
	at org.testng.SuiteRunner.run(SuiteRunner.java:240)
	at org.testng.SuiteRunnerWorker.runSuite(SuiteRunnerWorker.java:52)
	at org.testng.SuiteRunnerWorker.run(SuiteRunnerWorker.java:86)
	at org.testng.TestNG.runSuitesSequentially(TestNG.java:1224)
	at org.testng.TestNG.runSuitesLocally(TestNG.java:1149)
	at org.testng.TestNG.run(TestNG.java:1057)
	at org.testng.TestNG.privateMain(TestNG.java:1364)
	at org.testng.TestNG.main(TestNG.java:1333)
Caused by: org.openqa.selenium.NoSuchElementException: Cannot locate an element using By.id: MainContent_txtJobID
For documentation on this error, please visit: http://seleniumhq.org/exceptions/no_such_element.html
Build info: version: '3.13.0', revision: '2f0d292', time: '2018-06-25T15:32:14.902Z'
System info: host: 'SIPL92', ip: '10.212.130.47', os.name: 'Windows 10', os.arch: 'amd64', os.version: '10.0', java.version: '11.0.13'
Driver info: driver.version: unknown
	at org.openqa.selenium.support.ui.ExpectedConditions.lambda$findElement$0(ExpectedConditions.java:896)
	at java.base/java.util.Optional.orElseThrow(Optional.java:408)
	at org.openqa.selenium.support.ui.ExpectedConditions.findElement(ExpectedConditions.java:895)
	at org.openqa.selenium.support.ui.ExpectedConditions.access$000(ExpectedConditions.java:44)
	at org.openqa.selenium.support.ui.ExpectedConditions$7.apply(ExpectedConditions.java:206)
	at org.openqa.selenium.support.ui.ExpectedConditions$7.apply(ExpectedConditions.java:202)
	at org.openqa.selenium.support.ui.FluentWait.until(FluentWait.java:248)
	... 24 more
]]>
            </full-stacktrace>
          </exception> <!-- org.openqa.selenium.TimeoutException -->
          <reporter-output>
          </reporter-output>
        </test-method> <!-- mdSiOrderTracking -->
        <test-method is-config="true" signature="Complete()[pri:0, instance:MDSi_EDIProcessing.MDSiOrderTracking@163370c2]" started-at="2022-04-29T09:09:21Z" name="Complete" finished-at="2022-04-29T09:09:22Z" duration-ms="116" status="PASS">
          <reporter-output>
          </reporter-output>
        </test-method> <!-- Complete -->
      </class> <!-- MDSi_EDIProcessing.MDSiOrderTracking -->
    </test> <!-- MDSiOrderTracking -->
  </suite> <!-- MDSiSuite -->
</testng-results>
